2017-12-14 12:14:04,008 QuickLook INFO : Running Quicklook using configuration file /app/desispec/py/desispec/data/quicklook/qlconfig_dark.yaml
2017-12-14 12:14:04,103 QuickLook INFO : Building Full Configuration
2017-12-14 12:14:05,345 QuickLook INFO : Checking if all the necessary files exist.
2017-12-14 12:14:05,348 QuickLook INFO : File check: Okay: /app/spectro/data/20190101/desi-00000003.fits.fz
2017-12-14 12:14:05,350 QuickLook INFO : File check: Okay: /app/spectro/data/20190101/fibermap-00000003.fits
2017-12-14 12:14:05,354 QuickLook INFO : File check: Okay: /app/spectro/redux/calib2d/20190101/fiberflat-b1-00000001.fits
2017-12-14 12:14:05,360 QuickLook INFO : File check: Okay: /app/spectro/redux/calib2d/psf/20190101/psfboot-b1.fits
2017-12-14 12:14:05,361 QuickLook INFO : All necessary files exist for science configuration.
2017-12-14 12:14:08,596 QuickLook INFO : Reading Configuration
2017-12-14 12:14:10,701 QuickLook INFO : Reading input file /app/spectro/data/20190101/desi-00000003.fits.fz
2017-12-14 12:14:10,817 QuickLook INFO : Reading fiberMap file /app/spectro/data/20190101/fibermap-00000003.fits
2017-12-14 12:14:11,188 QuickLook INFO : Reading FiberFlat /app/spectro/redux/calib2d/20190101/fiberflat-b1-00000001.fits
2017-12-14 12:14:11,692 QuickLook INFO : Finished reading all static files
2017-12-14 12:14:12,555 QuickLook INFO : Starting to run step Initialize
2017-12-14 12:14:12,556 QuickLook INFO : Running Initialize
2017-12-14 12:14:12,665 QuickLook INFO : Running Bias_From_Overscan
2017-12-14 12:14:16,483 QuickLook INFO : Output QA data is in /app/spectro/redux/exposures/20190101/00000003/ql-getbias-b1-00000003.yaml
2017-12-14 12:14:16,969 QuickLook INFO : Starting to run step Preproc
2017-12-14 12:14:17,012 QuickLook INFO : Running Preproc
INFO:preproc.py:253:read_ccd_calibration: Found 2 data for camera b1 in filename /app/desispec/py/desispec/data/ccd/ccd_calibration.yaml
2017-12-14 12:14:17,468 DESI INFO : Found 2 data for camera b1 in filename /app/desispec/py/desispec/data/ccd/ccd_calibration.yaml
INFO:preproc.py:254:read_ccd_calibration: Finding matching version ...
2017-12-14 12:14:17,469 DESI INFO : Finding matching version ...
INFO:preproc.py:260:read_ccd_calibration: DATE-OBS=20190101
2017-12-14 12:14:17,472 DESI INFO : DATE-OBS=20190101
INFO:preproc.py:264:read_ccd_calibration: Checking version V0
2017-12-14 12:14:17,474 DESI INFO : Checking version V0
INFO:preproc.py:275:read_ccd_calibration: Skip version V0 with DETECTOR=itl_4kx4k_02 != SIM
2017-12-14 12:14:17,475 DESI INFO : Skip version V0 with DETECTOR=itl_4kx4k_02 != SIM
INFO:preproc.py:264:read_ccd_calibration: Checking version SIM
2017-12-14 12:14:17,476 DESI INFO : Checking version SIM
INFO:preproc.py:284:read_ccd_calibration: Found data version SIM for camera b1 in /app/desispec/py/desispec/data/ccd/ccd_calibration.yaml
2017-12-14 12:14:17,477 DESI INFO : Found data version SIM for camera b1 in /app/desispec/py/desispec/data/ccd/ccd_calibration.yaml
2017-12-14 12:14:23,236 QuickLook INFO : Running Preproc
WARNING:preproc.py:533:preproc: Missing keyword SATURLEV1 in header and nothing in calib data; using 200000
2017-12-14 12:14:23,231 DESI WARNING : Missing keyword SATURLEV1 in header and nothing in calib data; using 200000
INFO:preproc.py:537:preproc: nrows in overscan=2048
2017-12-14 12:14:23,402 DESI INFO : nrows in overscan=2048
INFO:preproc.py:552:preproc: Subtracting average overscan for amplifier 1 of camera b1
2017-12-14 12:14:23,415 DESI INFO : Subtracting average overscan for amplifier 1 of camera b1
INFO:preproc.py:560:preproc: Median rdnoise and overscan= 3.019698 185.223340
2017-12-14 12:14:25,422 DESI INFO : Median rdnoise and overscan= 3.019698 185.223340
INFO:preproc.py:587:preproc: Measured readnoise for AMP 1 = 3.019698
2017-12-14 12:14:25,572 DESI INFO : Measured readnoise for AMP 1 = 3.019698
WARNING:preproc.py:533:preproc: Missing keyword SATURLEV2 in header and nothing in calib data; using 200000
2017-12-14 12:14:26,699 DESI WARNING : Missing keyword SATURLEV2 in header and nothing in calib data; using 200000
2017-12-14 12:14:26,980 QuickLook INFO : Running Preproc
INFO:preproc.py:537:preproc: nrows in overscan=2048
2017-12-14 12:14:27,518 DESI INFO : nrows in overscan=2048
INFO:preproc.py:552:preproc: Subtracting average overscan for amplifier 2 of camera b1
2017-12-14 12:14:27,522 DESI INFO : Subtracting average overscan for amplifier 2 of camera b1
INFO:preproc.py:560:preproc: Median rdnoise and overscan= 3.012647 133.336455
2017-12-14 12:14:27,549 DESI INFO : Median rdnoise and overscan= 3.012647 133.336455
INFO:preproc.py:587:preproc: Measured readnoise for AMP 2 = 3.012647
2017-12-14 12:14:27,569 DESI INFO : Measured readnoise for AMP 2 = 3.012647
WARNING:preproc.py:533:preproc: Missing keyword SATURLEV3 in header and nothing in calib data; using 200000
2017-12-14 12:14:29,026 DESI WARNING : Missing keyword SATURLEV3 in header and nothing in calib data; using 200000
INFO:preproc.py:537:preproc: nrows in overscan=2048
2017-12-14 12:14:29,049 DESI INFO : nrows in overscan=2048
INFO:preproc.py:552:preproc: Subtracting average overscan for amplifier 3 of camera b1
2017-12-14 12:14:29,051 DESI INFO : Subtracting average overscan for amplifier 3 of camera b1
INFO:preproc.py:560:preproc: Median rdnoise and overscan= 3.016572 177.061797
2017-12-14 12:14:29,146 DESI INFO : Median rdnoise and overscan= 3.016572 177.061797
INFO:preproc.py:587:preproc: Measured readnoise for AMP 3 = 3.016572
2017-12-14 12:14:29,161 DESI INFO : Measured readnoise for AMP 3 = 3.016572
WARNING:preproc.py:533:preproc: Missing keyword SATURLEV4 in header and nothing in calib data; using 200000
2017-12-14 12:14:29,445 DESI WARNING : Missing keyword SATURLEV4 in header and nothing in calib data; using 200000
INFO:preproc.py:537:preproc: nrows in overscan=2048
2017-12-14 12:14:29,450 DESI INFO : nrows in overscan=2048
INFO:preproc.py:552:preproc: Subtracting average overscan for amplifier 4 of camera b1
2017-12-14 12:14:29,451 DESI INFO : Subtracting average overscan for amplifier 4 of camera b1
INFO:preproc.py:560:preproc: Median rdnoise and overscan= 3.001936 177.861582
2017-12-14 12:14:29,463 DESI INFO : Median rdnoise and overscan= 3.001936 177.861582
INFO:preproc.py:587:preproc: Measured readnoise for AMP 4 = 3.001936
2017-12-14 12:14:29,478 DESI INFO : Measured readnoise for AMP 4 = 3.001936
2017-12-14 12:14:32,682 QuickLook INFO : Running Preproc
2017-12-14 12:14:37,018 QuickLook INFO : Running Preproc
INFO:cosmics.py:161:reject_cosmic_rays_ala_sdss: starting with nsig=6.0 cfudge=3.0 c2fudge=0.8
2017-12-14 12:14:37,124 DESI INFO : starting with nsig=6.0 cfudge=3.0 c2fudge=0.8
INFO:cosmics.py:166:reject_cosmic_rays_ala_sdss: first pass: 0 pixels rejected
2017-12-14 12:14:41,266 DESI INFO : first pass: 0 pixels rejected
2017-12-14 12:14:42,055 QuickLook INFO : Running Preproc
