2017-12-14 12:14:04,177 QuickLook INFO : Running Quicklook using configuration file /app/desispec/py/desispec/data/quicklook/qlconfig_dark.yaml
2017-12-14 12:14:04,381 QuickLook INFO : Building Full Configuration
2017-12-14 12:14:05,998 QuickLook INFO : Checking if all the necessary files exist.
2017-12-14 12:14:06,001 QuickLook INFO : File check: Okay: /app/spectro/data/20190101/desi-00000003.fits.fz
2017-12-14 12:14:06,003 QuickLook INFO : File check: Okay: /app/spectro/data/20190101/fibermap-00000003.fits
2017-12-14 12:14:06,006 QuickLook INFO : File check: Okay: /app/spectro/redux/calib2d/20190101/fiberflat-b0-00000001.fits
2017-12-14 12:14:06,009 QuickLook INFO : File check: Okay: /app/spectro/redux/calib2d/psf/20190101/psfboot-b0.fits
2017-12-14 12:14:06,009 QuickLook INFO : All necessary files exist for science configuration.
2017-12-14 12:14:08,761 QuickLook INFO : Reading Configuration
2017-12-14 12:14:11,293 QuickLook INFO : Reading input file /app/spectro/data/20190101/desi-00000003.fits.fz
2017-12-14 12:14:11,416 QuickLook INFO : Reading fiberMap file /app/spectro/data/20190101/fibermap-00000003.fits
2017-12-14 12:14:12,027 QuickLook INFO : Reading FiberFlat /app/spectro/redux/calib2d/20190101/fiberflat-b0-00000001.fits
2017-12-14 12:14:12,662 QuickLook INFO : Finished reading all static files
2017-12-14 12:14:13,559 QuickLook INFO : Starting to run step Initialize
2017-12-14 12:14:13,561 QuickLook INFO : Running Initialize
2017-12-14 12:14:13,664 QuickLook INFO : Running Bias_From_Overscan
2017-12-14 12:14:17,145 QuickLook INFO : Output QA data is in /app/spectro/redux/exposures/20190101/00000003/ql-getbias-b0-00000003.yaml
2017-12-14 12:14:17,608 QuickLook INFO : Starting to run step Preproc
2017-12-14 12:14:17,648 QuickLook INFO : Running Preproc
INFO:preproc.py:253:read_ccd_calibration: Found 1 data for camera b0 in filename /app/desispec/py/desispec/data/ccd/ccd_calibration.yaml
2017-12-14 12:14:18,382 DESI INFO : Found 1 data for camera b0 in filename /app/desispec/py/desispec/data/ccd/ccd_calibration.yaml
INFO:preproc.py:254:read_ccd_calibration: Finding matching version ...
2017-12-14 12:14:18,410 DESI INFO : Finding matching version ...
INFO:preproc.py:260:read_ccd_calibration: DATE-OBS=20190101
2017-12-14 12:14:18,412 DESI INFO : DATE-OBS=20190101
INFO:preproc.py:264:read_ccd_calibration: Checking version SIM
2017-12-14 12:14:18,414 DESI INFO : Checking version SIM
INFO:preproc.py:284:read_ccd_calibration: Found data version SIM for camera b0 in /app/desispec/py/desispec/data/ccd/ccd_calibration.yaml
2017-12-14 12:14:18,415 DESI INFO : Found data version SIM for camera b0 in /app/desispec/py/desispec/data/ccd/ccd_calibration.yaml
2017-12-14 12:14:23,185 QuickLook INFO : Running Preproc
WARNING:preproc.py:533:preproc: Missing keyword SATURLEV1 in header and nothing in calib data; using 200000
2017-12-14 12:14:23,417 DESI WARNING : Missing keyword SATURLEV1 in header and nothing in calib data; using 200000
INFO:preproc.py:537:preproc: nrows in overscan=2048
2017-12-14 12:14:23,434 DESI INFO : nrows in overscan=2048
INFO:preproc.py:552:preproc: Subtracting average overscan for amplifier 1 of camera b0
2017-12-14 12:14:23,448 DESI INFO : Subtracting average overscan for amplifier 1 of camera b0
INFO:preproc.py:560:preproc: Median rdnoise and overscan= 3.013081 169.904023
2017-12-14 12:14:25,493 DESI INFO : Median rdnoise and overscan= 3.013081 169.904023
INFO:preproc.py:587:preproc: Measured readnoise for AMP 1 = 3.013081
2017-12-14 12:14:25,623 DESI INFO : Measured readnoise for AMP 1 = 3.013081
WARNING:preproc.py:533:preproc: Missing keyword SATURLEV2 in header and nothing in calib data; using 200000
2017-12-14 12:14:25,737 DESI WARNING : Missing keyword SATURLEV2 in header and nothing in calib data; using 200000
INFO:preproc.py:537:preproc: nrows in overscan=2048
2017-12-14 12:14:25,740 DESI INFO : nrows in overscan=2048
INFO:preproc.py:552:preproc: Subtracting average overscan for amplifier 2 of camera b0
2017-12-14 12:14:25,741 DESI INFO : Subtracting average overscan for amplifier 2 of camera b0
INFO:preproc.py:560:preproc: Median rdnoise and overscan= 3.016938 191.383926
2017-12-14 12:14:25,762 DESI INFO : Median rdnoise and overscan= 3.016938 191.383926
INFO:preproc.py:587:preproc: Measured readnoise for AMP 2 = 3.016938
2017-12-14 12:14:25,774 DESI INFO : Measured readnoise for AMP 2 = 3.016938
WARNING:preproc.py:533:preproc: Missing keyword SATURLEV3 in header and nothing in calib data; using 200000
2017-12-14 12:14:25,888 DESI WARNING : Missing keyword SATURLEV3 in header and nothing in calib data; using 200000
INFO:preproc.py:537:preproc: nrows in overscan=2048
2017-12-14 12:14:25,891 DESI INFO : nrows in overscan=2048
INFO:preproc.py:552:preproc: Subtracting average overscan for amplifier 3 of camera b0
2017-12-14 12:14:25,893 DESI INFO : Subtracting average overscan for amplifier 3 of camera b0
INFO:preproc.py:560:preproc: Median rdnoise and overscan= 3.022292 180.222471
2017-12-14 12:14:25,909 DESI INFO : Median rdnoise and overscan= 3.022292 180.222471
INFO:preproc.py:587:preproc: Measured readnoise for AMP 3 = 3.022292
2017-12-14 12:14:25,924 DESI INFO : Measured readnoise for AMP 3 = 3.022292
WARNING:preproc.py:533:preproc: Missing keyword SATURLEV4 in header and nothing in calib data; using 200000
2017-12-14 12:14:26,017 DESI WARNING : Missing keyword SATURLEV4 in header and nothing in calib data; using 200000
INFO:preproc.py:537:preproc: nrows in overscan=2048
2017-12-14 12:14:26,018 DESI INFO : nrows in overscan=2048
INFO:preproc.py:552:preproc: Subtracting average overscan for amplifier 4 of camera b0
2017-12-14 12:14:26,020 DESI INFO : Subtracting average overscan for amplifier 4 of camera b0
INFO:preproc.py:560:preproc: Median rdnoise and overscan= 3.027396 115.466201
2017-12-14 12:14:26,042 DESI INFO : Median rdnoise and overscan= 3.027396 115.466201
INFO:preproc.py:587:preproc: Measured readnoise for AMP 4 = 3.027396
2017-12-14 12:14:26,063 DESI INFO : Measured readnoise for AMP 4 = 3.027396
