2017-12-14 12:16:41,112 QuickLook INFO : Running Quicklook using configuration file /app/desispec/py/desispec/data/quicklook/qlconfig_dark.yaml
2017-12-14 12:16:41,282 QuickLook INFO : Building Full Configuration
2017-12-14 12:16:43,183 QuickLook INFO : Checking if all the necessary files exist.
2017-12-14 12:16:43,185 QuickLook INFO : File check: Okay: /app/spectro/data/20190101/desi-00000004.fits.fz
2017-12-14 12:16:43,187 QuickLook INFO : File check: Okay: /app/spectro/data/20190101/fibermap-00000004.fits
2017-12-14 12:16:43,190 QuickLook INFO : File check: Okay: /app/spectro/redux/calib2d/20190101/fiberflat-z0-00000001.fits
2017-12-14 12:16:43,193 QuickLook INFO : File check: Okay: /app/spectro/redux/calib2d/psf/20190101/psfboot-z0.fits
2017-12-14 12:16:43,194 QuickLook INFO : All necessary files exist for science configuration.
2017-12-14 12:16:46,739 QuickLook INFO : Reading Configuration
2017-12-14 12:16:49,269 QuickLook INFO : Reading input file /app/spectro/data/20190101/desi-00000004.fits.fz
2017-12-14 12:16:49,399 QuickLook INFO : Reading fiberMap file /app/spectro/data/20190101/fibermap-00000004.fits
2017-12-14 12:16:50,466 QuickLook INFO : Reading FiberFlat /app/spectro/redux/calib2d/20190101/fiberflat-z0-00000001.fits
2017-12-14 12:16:51,487 QuickLook INFO : Finished reading all static files
2017-12-14 12:16:55,436 QuickLook INFO : Starting to run step Initialize
2017-12-14 12:16:55,437 QuickLook INFO : Running Initialize
2017-12-14 12:16:55,540 QuickLook INFO : Running Bias_From_Overscan
2017-12-14 12:16:59,135 QuickLook INFO : Output QA data is in /app/spectro/redux/exposures/20190101/00000004/ql-getbias-z0-00000004.yaml
2017-12-14 12:16:59,207 QuickLook INFO : Starting to run step Preproc
2017-12-14 12:16:59,307 QuickLook INFO : Running Preproc
INFO:preproc.py:253:read_ccd_calibration: Found 1 data for camera z0 in filename /app/desispec/py/desispec/data/ccd/ccd_calibration.yaml
2017-12-14 12:17:00,006 DESI INFO : Found 1 data for camera z0 in filename /app/desispec/py/desispec/data/ccd/ccd_calibration.yaml
INFO:preproc.py:254:read_ccd_calibration: Finding matching version ...
2017-12-14 12:17:00,022 DESI INFO : Finding matching version ...
INFO:preproc.py:260:read_ccd_calibration: DATE-OBS=20190101
2017-12-14 12:17:00,068 DESI INFO : DATE-OBS=20190101
INFO:preproc.py:264:read_ccd_calibration: Checking version SIM
2017-12-14 12:17:00,069 DESI INFO : Checking version SIM
INFO:preproc.py:284:read_ccd_calibration: Found data version SIM for camera z0 in /app/desispec/py/desispec/data/ccd/ccd_calibration.yaml
2017-12-14 12:17:00,070 DESI INFO : Found data version SIM for camera z0 in /app/desispec/py/desispec/data/ccd/ccd_calibration.yaml
WARNING:preproc.py:533:preproc: Missing keyword SATURLEV1 in header and nothing in calib data; using 200000
2017-12-14 12:17:00,227 DESI WARNING : Missing keyword SATURLEV1 in header and nothing in calib data; using 200000
INFO:preproc.py:537:preproc: nrows in overscan=2064
2017-12-14 12:17:00,228 DESI INFO : nrows in overscan=2064
INFO:preproc.py:552:preproc: Subtracting average overscan for amplifier 1 of camera z0
2017-12-14 12:17:00,229 DESI INFO : Subtracting average overscan for amplifier 1 of camera z0
INFO:preproc.py:560:preproc: Median rdnoise and overscan= 2.929215 139.478905
2017-12-14 12:17:00,301 DESI INFO : Median rdnoise and overscan= 2.929215 139.478905
INFO:preproc.py:587:preproc: Measured readnoise for AMP 1 = 2.929215
2017-12-14 12:17:00,362 DESI INFO : Measured readnoise for AMP 1 = 2.929215
WARNING:preproc.py:533:preproc: Missing keyword SATURLEV2 in header and nothing in calib data; using 200000
2017-12-14 12:17:00,463 DESI WARNING : Missing keyword SATURLEV2 in header and nothing in calib data; using 200000
INFO:preproc.py:537:preproc: nrows in overscan=2064
2017-12-14 12:17:00,465 DESI INFO : nrows in overscan=2064
INFO:preproc.py:552:preproc: Subtracting average overscan for amplifier 2 of camera z0
2017-12-14 12:17:00,466 DESI INFO : Subtracting average overscan for amplifier 2 of camera z0
INFO:preproc.py:560:preproc: Median rdnoise and overscan= 2.910300 187.638475
2017-12-14 12:17:00,473 DESI INFO : Median rdnoise and overscan= 2.910300 187.638475
INFO:preproc.py:587:preproc: Measured readnoise for AMP 2 = 2.910300
2017-12-14 12:17:00,483 DESI INFO : Measured readnoise for AMP 2 = 2.910300
WARNING:preproc.py:533:preproc: Missing keyword SATURLEV3 in header and nothing in calib data; using 200000
2017-12-14 12:17:00,688 DESI WARNING : Missing keyword SATURLEV3 in header and nothing in calib data; using 200000
INFO:preproc.py:537:preproc: nrows in overscan=2064
2017-12-14 12:17:00,690 DESI INFO : nrows in overscan=2064
INFO:preproc.py:552:preproc: Subtracting average overscan for amplifier 3 of camera z0
2017-12-14 12:17:00,691 DESI INFO : Subtracting average overscan for amplifier 3 of camera z0
INFO:preproc.py:560:preproc: Median rdnoise and overscan= 2.915657 153.788343
2017-12-14 12:17:00,702 DESI INFO : Median rdnoise and overscan= 2.915657 153.788343
INFO:preproc.py:587:preproc: Measured readnoise for AMP 3 = 2.915657
2017-12-14 12:17:00,714 DESI INFO : Measured readnoise for AMP 3 = 2.915657
WARNING:preproc.py:533:preproc: Missing keyword SATURLEV4 in header and nothing in calib data; using 200000
2017-12-14 12:17:00,822 DESI WARNING : Missing keyword SATURLEV4 in header and nothing in calib data; using 200000
INFO:preproc.py:537:preproc: nrows in overscan=2064
2017-12-14 12:17:00,824 DESI INFO : nrows in overscan=2064
INFO:preproc.py:552:preproc: Subtracting average overscan for amplifier 4 of camera z0
2017-12-14 12:17:00,825 DESI INFO : Subtracting average overscan for amplifier 4 of camera z0
INFO:preproc.py:560:preproc: Median rdnoise and overscan= 2.910809 162.234525
2017-12-14 12:17:00,836 DESI INFO : Median rdnoise and overscan= 2.910809 162.234525
INFO:preproc.py:587:preproc: Measured readnoise for AMP 4 = 2.910809
2017-12-14 12:17:00,849 DESI INFO : Measured readnoise for AMP 4 = 2.910809
INFO:cosmics.py:161:reject_cosmic_rays_ala_sdss: starting with nsig=6.0 cfudge=3.0 c2fudge=0.8
2017-12-14 12:17:01,812 DESI INFO : starting with nsig=6.0 cfudge=3.0 c2fudge=0.8
