2017-12-14 12:16:40,067 QuickLook INFO : Running Quicklook using configuration file /app/desispec/py/desispec/data/quicklook/qlconfig_dark.yaml
2017-12-14 12:16:40,337 QuickLook INFO : Building Full Configuration
2017-12-14 12:16:42,172 QuickLook INFO : Checking if all the necessary files exist.
2017-12-14 12:16:42,174 QuickLook INFO : File check: Okay: /app/spectro/data/20190101/desi-00000004.fits.fz
2017-12-14 12:16:42,176 QuickLook INFO : File check: Okay: /app/spectro/data/20190101/fibermap-00000004.fits
2017-12-14 12:16:42,178 QuickLook INFO : File check: Okay: /app/spectro/redux/calib2d/20190101/fiberflat-b1-00000001.fits
2017-12-14 12:16:42,180 QuickLook INFO : File check: Okay: /app/spectro/redux/calib2d/psf/20190101/psfboot-b1.fits
2017-12-14 12:16:42,181 QuickLook INFO : All necessary files exist for science configuration.
2017-12-14 12:16:44,748 QuickLook INFO : Reading Configuration
2017-12-14 12:16:46,753 QuickLook INFO : Reading input file /app/spectro/data/20190101/desi-00000004.fits.fz
2017-12-14 12:16:46,856 QuickLook INFO : Reading fiberMap file /app/spectro/data/20190101/fibermap-00000004.fits
2017-12-14 12:16:47,296 QuickLook INFO : Reading FiberFlat /app/spectro/redux/calib2d/20190101/fiberflat-b1-00000001.fits
2017-12-14 12:16:47,669 QuickLook INFO : Finished reading all static files
2017-12-14 12:16:48,526 QuickLook INFO : Starting to run step Initialize
2017-12-14 12:16:48,528 QuickLook INFO : Running Initialize
2017-12-14 12:16:48,630 QuickLook INFO : Running Bias_From_Overscan
2017-12-14 12:16:52,434 QuickLook INFO : Output QA data is in /app/spectro/redux/exposures/20190101/00000004/ql-getbias-b1-00000004.yaml
2017-12-14 12:16:53,545 QuickLook INFO : Running Bias_From_Overscan
2017-12-14 12:16:54,232 QuickLook INFO : Starting to run step Preproc
2017-12-14 12:16:55,406 QuickLook INFO : Running Preproc
INFO:preproc.py:253:read_ccd_calibration: Found 2 data for camera b1 in filename /app/desispec/py/desispec/data/ccd/ccd_calibration.yaml
2017-12-14 12:16:56,311 DESI INFO : Found 2 data for camera b1 in filename /app/desispec/py/desispec/data/ccd/ccd_calibration.yaml
INFO:preproc.py:254:read_ccd_calibration: Finding matching version ...
2017-12-14 12:16:56,313 DESI INFO : Finding matching version ...
INFO:preproc.py:260:read_ccd_calibration: DATE-OBS=20190101
2017-12-14 12:16:56,324 DESI INFO : DATE-OBS=20190101
INFO:preproc.py:264:read_ccd_calibration: Checking version V0
2017-12-14 12:16:56,325 DESI INFO : Checking version V0
INFO:preproc.py:275:read_ccd_calibration: Skip version V0 with DETECTOR=itl_4kx4k_02 != SIM
2017-12-14 12:16:56,327 DESI INFO : Skip version V0 with DETECTOR=itl_4kx4k_02 != SIM
INFO:preproc.py:264:read_ccd_calibration: Checking version SIM
2017-12-14 12:16:56,329 DESI INFO : Checking version SIM
INFO:preproc.py:284:read_ccd_calibration: Found data version SIM for camera b1 in /app/desispec/py/desispec/data/ccd/ccd_calibration.yaml
2017-12-14 12:16:56,331 DESI INFO : Found data version SIM for camera b1 in /app/desispec/py/desispec/data/ccd/ccd_calibration.yaml
WARNING:preproc.py:533:preproc: Missing keyword SATURLEV1 in header and nothing in calib data; using 200000
2017-12-14 12:16:57,331 DESI WARNING : Missing keyword SATURLEV1 in header and nothing in calib data; using 200000
INFO:preproc.py:537:preproc: nrows in overscan=2048
2017-12-14 12:16:57,336 DESI INFO : nrows in overscan=2048
INFO:preproc.py:552:preproc: Subtracting average overscan for amplifier 1 of camera b1
2017-12-14 12:16:57,348 DESI INFO : Subtracting average overscan for amplifier 1 of camera b1
INFO:preproc.py:560:preproc: Median rdnoise and overscan= 3.019260 154.474473
2017-12-14 12:16:57,508 DESI INFO : Median rdnoise and overscan= 3.019260 154.474473
INFO:preproc.py:587:preproc: Measured readnoise for AMP 1 = 3.019260
2017-12-14 12:16:57,561 DESI INFO : Measured readnoise for AMP 1 = 3.019260
WARNING:preproc.py:533:preproc: Missing keyword SATURLEV2 in header and nothing in calib data; using 200000
2017-12-14 12:16:59,889 DESI WARNING : Missing keyword SATURLEV2 in header and nothing in calib data; using 200000
INFO:preproc.py:537:preproc: nrows in overscan=2048
2017-12-14 12:16:59,937 DESI INFO : nrows in overscan=2048
INFO:preproc.py:552:preproc: Subtracting average overscan for amplifier 2 of camera b1
2017-12-14 12:16:59,939 DESI INFO : Subtracting average overscan for amplifier 2 of camera b1
INFO:preproc.py:560:preproc: Median rdnoise and overscan= 3.012357 114.395596
2017-12-14 12:17:00,260 DESI INFO : Median rdnoise and overscan= 3.012357 114.395596
INFO:preproc.py:587:preproc: Measured readnoise for AMP 2 = 3.012357
2017-12-14 12:17:00,321 DESI INFO : Measured readnoise for AMP 2 = 3.012357
2017-12-14 12:17:00,331 QuickLook INFO : Running Preproc
WARNING:preproc.py:533:preproc: Missing keyword SATURLEV3 in header and nothing in calib data; using 200000
2017-12-14 12:17:01,563 DESI WARNING : Missing keyword SATURLEV3 in header and nothing in calib data; using 200000
INFO:preproc.py:537:preproc: nrows in overscan=2048
2017-12-14 12:17:01,572 DESI INFO : nrows in overscan=2048
INFO:preproc.py:552:preproc: Subtracting average overscan for amplifier 3 of camera b1
2017-12-14 12:17:01,575 DESI INFO : Subtracting average overscan for amplifier 3 of camera b1
INFO:preproc.py:560:preproc: Median rdnoise and overscan= 3.011967 165.731221
2017-12-14 12:17:01,649 DESI INFO : Median rdnoise and overscan= 3.011967 165.731221
INFO:preproc.py:587:preproc: Measured readnoise for AMP 3 = 3.011967
2017-12-14 12:17:01,669 DESI INFO : Measured readnoise for AMP 3 = 3.011967
WARNING:preproc.py:533:preproc: Missing keyword SATURLEV4 in header and nothing in calib data; using 200000
2017-12-14 12:17:01,927 DESI WARNING : Missing keyword SATURLEV4 in header and nothing in calib data; using 200000
INFO:preproc.py:537:preproc: nrows in overscan=2048
2017-12-14 12:17:01,928 DESI INFO : nrows in overscan=2048
INFO:preproc.py:552:preproc: Subtracting average overscan for amplifier 4 of camera b1
2017-12-14 12:17:01,929 DESI INFO : Subtracting average overscan for amplifier 4 of camera b1
INFO:preproc.py:560:preproc: Median rdnoise and overscan= 3.020755 170.747959
2017-12-14 12:17:01,943 DESI INFO : Median rdnoise and overscan= 3.020755 170.747959
INFO:preproc.py:587:preproc: Measured readnoise for AMP 4 = 3.020755
2017-12-14 12:17:01,957 DESI INFO : Measured readnoise for AMP 4 = 3.020755
INFO:cosmics.py:161:reject_cosmic_rays_ala_sdss: starting with nsig=6.0 cfudge=3.0 c2fudge=0.8
2017-12-14 12:17:04,969 DESI INFO : starting with nsig=6.0 cfudge=3.0 c2fudge=0.8
2017-12-14 12:17:05,306 QuickLook INFO : Running Preproc
2017-12-14 12:17:10,359 QuickLook INFO : Running Preproc
